Page 1 of 5
Table 33: Simple CARS Output
with page numbers - listing

  Model                                     Type          MSRP
  ------------------------------------------------------------
   MDX                                      SUV        $36,945
   RSX Type S 2dr                           Sedan      $23,820
   TSX 4dr                                  Sedan      $26,990
   TL 4dr                                   Sedan      $33,195
   3.5 RL 4dr                               Sedan      $43,755
   3.5 RL w/Navigation 4dr                  Sedan      $46,100
   NSX coupe 2dr manual S                   Sports     $89,765
Page 2 of 5
Table 33: Simple CARS Output
with page numbers - listing

  Model                                     Type          MSRP
  ------------------------------------------------------------
   A4 1.8T 4dr                              Sedan      $25,940
   A41.8T convertible 2dr                   Sedan      $35,940
   A4 3.0 4dr                               Sedan      $31,840
   A4 3.0 Quattro 4dr manual                Sedan      $33,430
   A4 3.0 Quattro 4dr auto                  Sedan      $34,480
   A6 3.0 4dr                               Sedan      $36,640
   A6 3.0 Quattro 4dr                       Sedan      $39,640
   A4 3.0 convertible 2dr                   Sedan      $42,490
   A4 3.0 Quattro convertible 2dr           Sedan      $44,240
   A6 2.7 Turbo Quattro 4dr                 Sedan      $42,840
   A6 4.2 Quattro 4dr                       Sedan      $49,690
   A8 L Quattro 4dr                         Sedan      $69,190
   S4 Quattro 4dr                           Sedan      $48,040
   RS 6 4dr                                 Sports     $84,600
   TT 1.8 convertible 2dr (coupe)           Sports     $35,940
   TT 1.8 Quattro 2dr (convertible)         Sports     $37,390
   TT 3.2 coupe 2dr (convertible)           Sports     $40,590
   A6 3.0 Avant Quattro                     Wagon      $40,840
   S4 Avant Quattro                         Wagon      $49,090
Page 3 of 5
Table 33: Simple CARS Output
with page numbers - listing

  Model                                     Type          MSRP
  ------------------------------------------------------------
   X3 3.0i                                  SUV        $37,000
   X5 4.4i                                  SUV        $52,195
   325i 4dr                                 Sedan      $28,495
   325Ci 2dr                                Sedan      $30,795
   325Ci convertible 2dr                    Sedan      $37,995
   325xi 4dr                                Sedan      $30,245
   330i 4dr                                 Sedan      $35,495
   330Ci 2dr                                Sedan      $36,995
   330xi 4dr                                Sedan      $37,245
   525i 4dr                                 Sedan      $39,995
   330Ci convertible 2dr                    Sedan      $44,295
   530i 4dr                                 Sedan      $44,995
   545iA 4dr                                Sedan      $54,995
   745i 4dr                                 Sedan      $69,195
   745Li 4dr                                Sedan      $73,195
   M3 coupe 2dr                             Sports     $48,195
   M3 convertible 2dr                       Sports     $56,595
   Z4 convertible 2.5i 2dr                  Sports     $33,895
   Z4 convertible 3.0i 2dr                  Sports     $41,045
   325xi Sport                              Wagon      $32,845
Page 4 of 5
Table 33: Simple CARS Output
with page numbers - listing

  Model                                     Type          MSRP
  ------------------------------------------------------------
   Rainier                                  SUV        $37,895
   Rendezvous CX                            SUV        $26,545
   Century Custom 4dr                       Sedan      $22,180
   LeSabre Custom 4dr                       Sedan      $26,470
   Regal LS 4dr                             Sedan      $24,895
   Regal GS 4dr                             Sedan      $28,345
   LeSabre Limited 4dr                      Sedan      $32,245
   Park Avenue 4dr                          Sedan      $35,545
   Park Avenue Ultra 4dr                    Sedan      $40,720
Page 5 of 5
Table 33: Simple CARS Output
with page numbers - listing

  Model                                     Type          MSRP
  ------------------------------------------------------------
   Escalade                                 SUV        $52,795
   SRX V8                                   SUV        $46,995
   CTS VVT 4dr                              Sedan      $30,835
   Deville 4dr                              Sedan      $45,445
   Deville DTS 4dr                          Sedan      $50,595
   Seville SLS 4dr                          Sedan      $47,955
   XLR convertible 2dr                      Sports     $76,200
   Escalade EXT                             Truck      $52,975
